<?xml version="1.0" encoding="UTF-8"?>
<testsuite xmlns:xsi="http://www.w3.org/2001/XMLSchema-instance" xsi:noNamespaceSchemaLocation="https://maven.apache.org/surefire/maven-surefire-plugin/xsd/surefire-test-report-3.0.xsd" version="3.0" name="RunTest" time="39.367" tests="1" errors="0" skipped="0" failures="0">
  <properties>
    <property name="gopherProxySet" value="false"/>
    <property name="awt.toolkit" value="sun.lwawt.macosx.LWCToolkit"/>
    <property name="file.encoding.pkg" value="sun.io"/>
    <property name="java.specification.version" value="1.8"/>
    <property name="sun.cpu.isalist" value=""/>
    <property name="sun.jnu.encoding" value="UTF-8"/>
    <property name="java.class.path" value="/Users/n.kal/IdeaProjects/faladdin.task/target/test-classes:/Users/n.kal/IdeaProjects/faladdin.task/target/classes:/Users/n.kal/.m2/repository/com/fasterxml/jackson/core/jackson-core/2.13.3/jackson-core-2.13.3.jar:/Users/n.kal/.m2/repository/org/hamcrest/hamcrest/2.2/hamcrest-2.2.jar:/Users/n.kal/.m2/repository/io/appium/java-client/8.3.0/java-client-8.3.0.jar:/Users/n.kal/.m2/repository/org/seleniumhq/selenium/selenium-api/4.7.2/selenium-api-4.7.2.jar:/Users/n.kal/.m2/repository/org/seleniumhq/selenium/selenium-remote-driver/4.7.2/selenium-remote-driver-4.7.2.jar:/Users/n.kal/.m2/repository/com/beust/jcommander/1.82/jcommander-1.82.jar:/Users/n.kal/.m2/repository/com/google/auto/service/auto-service-annotations/1.0.1/auto-service-annotations-1.0.1.jar:/Users/n.kal/.m2/repository/com/google/auto/service/auto-service/1.0.1/auto-service-1.0.1.jar:/Users/n.kal/.m2/repository/com/google/auto/auto-common/1.2/auto-common-1.2.jar:/Users/n.kal/.m2/repository/com/google/guava/guava/31.1-jre/guava-31.1-jre.jar:/Users/n.kal/.m2/repository/com/google/guava/failureaccess/1.0.1/failureaccess-1.0.1.jar:/Users/n.kal/.m2/repository/com/google/guava/listenablefuture/9999.0-empty-to-avoid-conflict-with-guava/listenablefuture-9999.0-empty-to-avoid-conflict-with-guava.jar:/Users/n.kal/.m2/repository/com/google/code/findbugs/jsr305/3.0.2/jsr305-3.0.2.jar:/Users/n.kal/.m2/repository/org/checkerframework/checker-qual/3.12.0/checker-qual-3.12.0.jar:/Users/n.kal/.m2/repository/com/google/errorprone/error_prone_annotations/2.11.0/error_prone_annotations-2.11.0.jar:/Users/n.kal/.m2/repository/com/google/j2objc/j2objc-annotations/1.3/j2objc-annotations-1.3.jar:/Users/n.kal/.m2/repository/io/netty/netty-buffer/4.1.84.Final/netty-buffer-4.1.84.Final.jar:/Users/n.kal/.m2/repository/io/netty/netty-codec-http/4.1.84.Final/netty-codec-http-4.1.84.Final.jar:/Users/n.kal/.m2/repository/io/netty/netty-codec/4.1.84.Final/netty-codec-4.1.84.Final.jar:/Users/n.kal/.m2/repository/io/netty/netty-handler/4.1.84.Final/netty-handler-4.1.84.Final.jar:/Users/n.kal/.m2/repository/io/netty/netty-common/4.1.84.Final/netty-common-4.1.84.Final.jar:/Users/n.kal/.m2/repository/io/netty/netty-transport-classes-epoll/4.1.84.Final/netty-transport-classes-epoll-4.1.84.Final.jar:/Users/n.kal/.m2/repository/io/netty/netty-transport-classes-kqueue/4.1.84.Final/netty-transport-classes-kqueue-4.1.84.Final.jar:/Users/n.kal/.m2/repository/io/netty/netty-transport-native-epoll/4.1.84.Final/netty-transport-native-epoll-4.1.84.Final.jar:/Users/n.kal/.m2/repository/io/netty/netty-transport-native-kqueue/4.1.84.Final/netty-transport-native-kqueue-4.1.84.Final.jar:/Users/n.kal/.m2/repository/io/netty/netty-transport-native-unix-common/4.1.84.Final/netty-transport-native-unix-common-4.1.84.Final.jar:/Users/n.kal/.m2/repository/io/netty/netty-transport/4.1.84.Final/netty-transport-4.1.84.Final.jar:/Users/n.kal/.m2/repository/io/netty/netty-resolver/4.1.84.Final/netty-resolver-4.1.84.Final.jar:/Users/n.kal/.m2/repository/io/opentelemetry/opentelemetry-api/1.19.0/opentelemetry-api-1.19.0.jar:/Users/n.kal/.m2/repository/io/opentelemetry/opentelemetry-context/1.19.0/opentelemetry-context-1.19.0.jar:/Users/n.kal/.m2/repository/io/opentelemetry/opentelemetry-exporter-logging/1.19.0/opentelemetry-exporter-logging-1.19.0.jar:/Users/n.kal/.m2/repository/io/opentelemetry/opentelemetry-sdk-metrics/1.19.0/opentelemetry-sdk-metrics-1.19.0.jar:/Users/n.kal/.m2/repository/io/opentelemetry/opentelemetry-sdk-logs/1.19.0-alpha/opentelemetry-sdk-logs-1.19.0-alpha.jar:/Users/n.kal/.m2/repository/io/opentelemetry/opentelemetry-api-logs/1.19.0-alpha/opentelemetry-api-logs-1.19.0-alpha.jar:/Users/n.kal/.m2/repository/io/opentelemetry/opentelemetry-sdk-common/1.19.0/opentelemetry-sdk-common-1.19.0.jar:/Users/n.kal/.m2/repository/io/opentelemetry/opentelemetry-sdk-extension-autoconfigure-spi/1.19.0/opentelemetry-sdk-extension-autoconfigure-spi-1.19.0.jar:/Users/n.kal/.m2/repository/io/opentelemetry/opentelemetry-sdk-extension-autoconfigure/1.19.0-alpha/opentelemetry-sdk-extension-autoconfigure-1.19.0-alpha.jar:/Users/n.kal/.m2/repository/io/opentelemetry/opentelemetry-exporter-common/1.19.0/opentelemetry-exporter-common-1.19.0.jar:/Users/n.kal/.m2/repository/io/opentelemetry/opentelemetry-sdk-trace/1.19.0/opentelemetry-sdk-trace-1.19.0.jar:/Users/n.kal/.m2/repository/io/opentelemetry/opentelemetry-sdk/1.19.0/opentelemetry-sdk-1.19.0.jar:/Users/n.kal/.m2/repository/io/opentelemetry/opentelemetry-semconv/1.19.0-alpha/opentelemetry-semconv-1.19.0-alpha.jar:/Users/n.kal/.m2/repository/io/ous/jtoml/2.0.0/jtoml-2.0.0.jar:/Users/n.kal/.m2/repository/net/bytebuddy/byte-buddy/1.12.18/byte-buddy-1.12.18.jar:/Users/n.kal/.m2/repository/org/apache/commons/commons-exec/1.3/commons-exec-1.3.jar:/Users/n.kal/.m2/repository/org/asynchttpclient/async-http-client/2.12.3/async-http-client-2.12.3.jar:/Users/n.kal/.m2/repository/org/asynchttpclient/async-http-client-netty-utils/2.12.3/async-http-client-netty-utils-2.12.3.jar:/Users/n.kal/.m2/repository/io/netty/netty-codec-socks/4.1.60.Final/netty-codec-socks-4.1.60.Final.jar:/Users/n.kal/.m2/repository/io/netty/netty-handler-proxy/4.1.60.Final/netty-handler-proxy-4.1.60.Final.jar:/Users/n.kal/.m2/repository/io/netty/netty-transport-native-epoll/4.1.60.Final/netty-transport-native-epoll-4.1.60.Final-linux-x86_64.jar:/Users/n.kal/.m2/repository/io/netty/netty-transport-native-kqueue/4.1.60.Final/netty-transport-native-kqueue-4.1.60.Final-osx-x86_64.jar:/Users/n.kal/.m2/repository/org/reactivestreams/reactive-streams/1.0.3/reactive-streams-1.0.3.jar:/Users/n.kal/.m2/repository/com/typesafe/netty/netty-reactive-streams/2.0.4/netty-reactive-streams-2.0.4.jar:/Users/n.kal/.m2/repository/com/sun/activation/jakarta.activation/1.2.2/jakarta.activation-1.2.2.jar:/Users/n.kal/.m2/repository/org/seleniumhq/selenium/selenium-http/4.7.2/selenium-http-4.7.2.jar:/Users/n.kal/.m2/repository/dev/failsafe/failsafe/3.3.0/failsafe-3.3.0.jar:/Users/n.kal/.m2/repository/org/seleniumhq/selenium/selenium-json/4.7.2/selenium-json-4.7.2.jar:/Users/n.kal/.m2/repository/org/seleniumhq/selenium/selenium-manager/4.7.2/selenium-manager-4.7.2.jar:/Users/n.kal/.m2/repository/org/seleniumhq/selenium/selenium-support/4.7.2/selenium-support-4.7.2.jar:/Users/n.kal/.m2/repository/com/google/code/gson/gson/2.10/gson-2.10.jar:/Users/n.kal/.m2/repository/cglib/cglib/3.3.0/cglib-3.3.0.jar:/Users/n.kal/.m2/repository/org/ow2/asm/asm/7.1/asm-7.1.jar:/Users/n.kal/.m2/repository/commons-validator/commons-validator/1.7/commons-validator-1.7.jar:/Users/n.kal/.m2/repository/commons-beanutils/commons-beanutils/1.9.4/commons-beanutils-1.9.4.jar:/Users/n.kal/.m2/repository/commons-digester/commons-digester/2.1/commons-digester-2.1.jar:/Users/n.kal/.m2/repository/commons-logging/commons-logging/1.2/commons-logging-1.2.jar:/Users/n.kal/.m2/repository/commons-collections/commons-collections/3.2.2/commons-collections-3.2.2.jar:/Users/n.kal/.m2/repository/org/apache/commons/commons-lang3/3.12.0/commons-lang3-3.12.0.jar:/Users/n.kal/.m2/repository/commons-io/commons-io/2.11.0/commons-io-2.11.0.jar:/Users/n.kal/.m2/repository/org/slf4j/slf4j-api/2.0.5/slf4j-api-2.0.5.jar:/Users/n.kal/.m2/repository/org/seleniumhq/selenium/selenium-java/4.7.0/selenium-java-4.7.0.jar:/Users/n.kal/.m2/repository/org/seleniumhq/selenium/selenium-chrome-driver/4.7.0/selenium-chrome-driver-4.7.0.jar:/Users/n.kal/.m2/repository/org/seleniumhq/selenium/selenium-chromium-driver/4.7.0/selenium-chromium-driver-4.7.0.jar:/Users/n.kal/.m2/repository/org/seleniumhq/selenium/selenium-devtools-v106/4.7.0/selenium-devtools-v106-4.7.0.jar:/Users/n.kal/.m2/repository/org/seleniumhq/selenium/selenium-devtools-v107/4.7.0/selenium-devtools-v107-4.7.0.jar:/Users/n.kal/.m2/repository/org/seleniumhq/selenium/selenium-devtools-v108/4.7.0/selenium-devtools-v108-4.7.0.jar:/Users/n.kal/.m2/repository/org/seleniumhq/selenium/selenium-devtools-v85/4.7.0/selenium-devtools-v85-4.7.0.jar:/Users/n.kal/.m2/repository/org/seleniumhq/selenium/selenium-edge-driver/4.7.0/selenium-edge-driver-4.7.0.jar:/Users/n.kal/.m2/repository/org/seleniumhq/selenium/selenium-firefox-driver/4.7.0/selenium-firefox-driver-4.7.0.jar:/Users/n.kal/.m2/repository/org/seleniumhq/selenium/selenium-ie-driver/4.7.0/selenium-ie-driver-4.7.0.jar:/Users/n.kal/.m2/repository/org/seleniumhq/selenium/selenium-safari-driver/4.7.0/selenium-safari-driver-4.7.0.jar:/Users/n.kal/.m2/repository/org/projectlombok/lombok/1.18.24/lombok-1.18.24.jar:/Users/n.kal/.m2/repository/io/cucumber/cucumber-java/7.7.0/cucumber-java-7.7.0.jar:/Users/n.kal/.m2/repository/io/cucumber/cucumber-core/7.7.0/cucumber-core-7.7.0.jar:/Users/n.kal/.m2/repository/io/cucumber/cucumber-gherkin/7.7.0/cucumber-gherkin-7.7.0.jar:/Users/n.kal/.m2/repository/io/cucumber/cucumber-gherkin-messages/7.7.0/cucumber-gherkin-messages-7.7.0.jar:/Users/n.kal/.m2/repository/io/cucumber/gherkin/24.0.0/gherkin-24.0.0.jar:/Users/n.kal/.m2/repository/io/cucumber/messages/19.1.2/messages-19.1.2.jar:/Users/n.kal/.m2/repository/io/cucumber/tag-expressions/4.1.0/tag-expressions-4.1.0.jar:/Users/n.kal/.m2/repository/io/cucumber/cucumber-expressions/16.0.0/cucumber-expressions-16.0.0.jar:/Users/n.kal/.m2/repository/io/cucumber/datatable/7.7.0/datatable-7.7.0.jar:/Users/n.kal/.m2/repository/io/cucumber/cucumber-plugin/7.7.0/cucumber-plugin-7.7.0.jar:/Users/n.kal/.m2/repository/io/cucumber/docstring/7.7.0/docstring-7.7.0.jar:/Users/n.kal/.m2/repository/io/cucumber/html-formatter/20.0.0/html-formatter-20.0.0.jar:/Users/n.kal/.m2/repository/io/cucumber/ci-environment/9.1.0/ci-environment-9.1.0.jar:/Users/n.kal/.m2/repository/org/apiguardian/apiguardian-api/1.1.2/apiguardian-api-1.1.2.jar:/Users/n.kal/.m2/repository/io/cucumber/cucumber-junit/7.7.0/cucumber-junit-7.7.0.jar:/Users/n.kal/.m2/repository/junit/junit/4.13.2/junit-4.13.2.jar:/Users/n.kal/.m2/repository/org/hamcrest/hamcrest-core/1.3/hamcrest-core-1.3.jar:"/>
    <property name="java.vm.vendor" value="Amazon.com Inc."/>
    <property name="sun.arch.data.model" value="64"/>
    <property name="java.vendor.url" value="https://aws.amazon.com/corretto/"/>
    <property name="user.timezone" value=""/>
    <property name="java.vm.specification.version" value="1.8"/>
    <property name="os.name" value="Mac OS X"/>
    <property name="user.country" value="TR"/>
    <property name="sun.java.launcher" value="SUN_STANDARD"/>
    <property name="sun.boot.library.path" value="/Users/n.kal/Library/Java/JavaVirtualMachines/corretto-1.8.0_352/Contents/Home/jre/lib"/>
    <property name="sun.java.command" value="/Users/n.kal/IdeaProjects/faladdin.task/target/surefire/surefirebooter1514898172936496973.jar /Users/n.kal/IdeaProjects/faladdin.task/target/surefire 2023-01-02T22-23-15_416-jvmRun1 surefire8794136108964816164tmp surefire_07661563161159453319tmp"/>
    <property name="http.nonProxyHosts" value="local|*.local|169.254/16|*.169.254/16"/>
    <property name="surefire.test.class.path" value="/Users/n.kal/IdeaProjects/faladdin.task/target/test-classes:/Users/n.kal/IdeaProjects/faladdin.task/target/classes:/Users/n.kal/.m2/repository/com/fasterxml/jackson/core/jackson-core/2.13.3/jackson-core-2.13.3.jar:/Users/n.kal/.m2/repository/org/hamcrest/hamcrest/2.2/hamcrest-2.2.jar:/Users/n.kal/.m2/repository/io/appium/java-client/8.3.0/java-client-8.3.0.jar:/Users/n.kal/.m2/repository/org/seleniumhq/selenium/selenium-api/4.7.2/selenium-api-4.7.2.jar:/Users/n.kal/.m2/repository/org/seleniumhq/selenium/selenium-remote-driver/4.7.2/selenium-remote-driver-4.7.2.jar:/Users/n.kal/.m2/repository/com/beust/jcommander/1.82/jcommander-1.82.jar:/Users/n.kal/.m2/repository/com/google/auto/service/auto-service-annotations/1.0.1/auto-service-annotations-1.0.1.jar:/Users/n.kal/.m2/repository/com/google/auto/service/auto-service/1.0.1/auto-service-1.0.1.jar:/Users/n.kal/.m2/repository/com/google/auto/auto-common/1.2/auto-common-1.2.jar:/Users/n.kal/.m2/repository/com/google/guava/guava/31.1-jre/guava-31.1-jre.jar:/Users/n.kal/.m2/repository/com/google/guava/failureaccess/1.0.1/failureaccess-1.0.1.jar:/Users/n.kal/.m2/repository/com/google/guava/listenablefuture/9999.0-empty-to-avoid-conflict-with-guava/listenablefuture-9999.0-empty-to-avoid-conflict-with-guava.jar:/Users/n.kal/.m2/repository/com/google/code/findbugs/jsr305/3.0.2/jsr305-3.0.2.jar:/Users/n.kal/.m2/repository/org/checkerframework/checker-qual/3.12.0/checker-qual-3.12.0.jar:/Users/n.kal/.m2/repository/com/google/errorprone/error_prone_annotations/2.11.0/error_prone_annotations-2.11.0.jar:/Users/n.kal/.m2/repository/com/google/j2objc/j2objc-annotations/1.3/j2objc-annotations-1.3.jar:/Users/n.kal/.m2/repository/io/netty/netty-buffer/4.1.84.Final/netty-buffer-4.1.84.Final.jar:/Users/n.kal/.m2/repository/io/netty/netty-codec-http/4.1.84.Final/netty-codec-http-4.1.84.Final.jar:/Users/n.kal/.m2/repository/io/netty/netty-codec/4.1.84.Final/netty-codec-4.1.84.Final.jar:/Users/n.kal/.m2/repository/io/netty/netty-handler/4.1.84.Final/netty-handler-4.1.84.Final.jar:/Users/n.kal/.m2/repository/io/netty/netty-common/4.1.84.Final/netty-common-4.1.84.Final.jar:/Users/n.kal/.m2/repository/io/netty/netty-transport-classes-epoll/4.1.84.Final/netty-transport-classes-epoll-4.1.84.Final.jar:/Users/n.kal/.m2/repository/io/netty/netty-transport-classes-kqueue/4.1.84.Final/netty-transport-classes-kqueue-4.1.84.Final.jar:/Users/n.kal/.m2/repository/io/netty/netty-transport-native-epoll/4.1.84.Final/netty-transport-native-epoll-4.1.84.Final.jar:/Users/n.kal/.m2/repository/io/netty/netty-transport-native-kqueue/4.1.84.Final/netty-transport-native-kqueue-4.1.84.Final.jar:/Users/n.kal/.m2/repository/io/netty/netty-transport-native-unix-common/4.1.84.Final/netty-transport-native-unix-common-4.1.84.Final.jar:/Users/n.kal/.m2/repository/io/netty/netty-transport/4.1.84.Final/netty-transport-4.1.84.Final.jar:/Users/n.kal/.m2/repository/io/netty/netty-resolver/4.1.84.Final/netty-resolver-4.1.84.Final.jar:/Users/n.kal/.m2/repository/io/opentelemetry/opentelemetry-api/1.19.0/opentelemetry-api-1.19.0.jar:/Users/n.kal/.m2/repository/io/opentelemetry/opentelemetry-context/1.19.0/opentelemetry-context-1.19.0.jar:/Users/n.kal/.m2/repository/io/opentelemetry/opentelemetry-exporter-logging/1.19.0/opentelemetry-exporter-logging-1.19.0.jar:/Users/n.kal/.m2/repository/io/opentelemetry/opentelemetry-sdk-metrics/1.19.0/opentelemetry-sdk-metrics-1.19.0.jar:/Users/n.kal/.m2/repository/io/opentelemetry/opentelemetry-sdk-logs/1.19.0-alpha/opentelemetry-sdk-logs-1.19.0-alpha.jar:/Users/n.kal/.m2/repository/io/opentelemetry/opentelemetry-api-logs/1.19.0-alpha/opentelemetry-api-logs-1.19.0-alpha.jar:/Users/n.kal/.m2/repository/io/opentelemetry/opentelemetry-sdk-common/1.19.0/opentelemetry-sdk-common-1.19.0.jar:/Users/n.kal/.m2/repository/io/opentelemetry/opentelemetry-sdk-extension-autoconfigure-spi/1.19.0/opentelemetry-sdk-extension-autoconfigure-spi-1.19.0.jar:/Users/n.kal/.m2/repository/io/opentelemetry/opentelemetry-sdk-extension-autoconfigure/1.19.0-alpha/opentelemetry-sdk-extension-autoconfigure-1.19.0-alpha.jar:/Users/n.kal/.m2/repository/io/opentelemetry/opentelemetry-exporter-common/1.19.0/opentelemetry-exporter-common-1.19.0.jar:/Users/n.kal/.m2/repository/io/opentelemetry/opentelemetry-sdk-trace/1.19.0/opentelemetry-sdk-trace-1.19.0.jar:/Users/n.kal/.m2/repository/io/opentelemetry/opentelemetry-sdk/1.19.0/opentelemetry-sdk-1.19.0.jar:/Users/n.kal/.m2/repository/io/opentelemetry/opentelemetry-semconv/1.19.0-alpha/opentelemetry-semconv-1.19.0-alpha.jar:/Users/n.kal/.m2/repository/io/ous/jtoml/2.0.0/jtoml-2.0.0.jar:/Users/n.kal/.m2/repository/net/bytebuddy/byte-buddy/1.12.18/byte-buddy-1.12.18.jar:/Users/n.kal/.m2/repository/org/apache/commons/commons-exec/1.3/commons-exec-1.3.jar:/Users/n.kal/.m2/repository/org/asynchttpclient/async-http-client/2.12.3/async-http-client-2.12.3.jar:/Users/n.kal/.m2/repository/org/asynchttpclient/async-http-client-netty-utils/2.12.3/async-http-client-netty-utils-2.12.3.jar:/Users/n.kal/.m2/repository/io/netty/netty-codec-socks/4.1.60.Final/netty-codec-socks-4.1.60.Final.jar:/Users/n.kal/.m2/repository/io/netty/netty-handler-proxy/4.1.60.Final/netty-handler-proxy-4.1.60.Final.jar:/Users/n.kal/.m2/repository/io/netty/netty-transport-native-epoll/4.1.60.Final/netty-transport-native-epoll-4.1.60.Final-linux-x86_64.jar:/Users/n.kal/.m2/repository/io/netty/netty-transport-native-kqueue/4.1.60.Final/netty-transport-native-kqueue-4.1.60.Final-osx-x86_64.jar:/Users/n.kal/.m2/repository/org/reactivestreams/reactive-streams/1.0.3/reactive-streams-1.0.3.jar:/Users/n.kal/.m2/repository/com/typesafe/netty/netty-reactive-streams/2.0.4/netty-reactive-streams-2.0.4.jar:/Users/n.kal/.m2/repository/com/sun/activation/jakarta.activation/1.2.2/jakarta.activation-1.2.2.jar:/Users/n.kal/.m2/repository/org/seleniumhq/selenium/selenium-http/4.7.2/selenium-http-4.7.2.jar:/Users/n.kal/.m2/repository/dev/failsafe/failsafe/3.3.0/failsafe-3.3.0.jar:/Users/n.kal/.m2/repository/org/seleniumhq/selenium/selenium-json/4.7.2/selenium-json-4.7.2.jar:/Users/n.kal/.m2/repository/org/seleniumhq/selenium/selenium-manager/4.7.2/selenium-manager-4.7.2.jar:/Users/n.kal/.m2/repository/org/seleniumhq/selenium/selenium-support/4.7.2/selenium-support-4.7.2.jar:/Users/n.kal/.m2/repository/com/google/code/gson/gson/2.10/gson-2.10.jar:/Users/n.kal/.m2/repository/cglib/cglib/3.3.0/cglib-3.3.0.jar:/Users/n.kal/.m2/repository/org/ow2/asm/asm/7.1/asm-7.1.jar:/Users/n.kal/.m2/repository/commons-validator/commons-validator/1.7/commons-validator-1.7.jar:/Users/n.kal/.m2/repository/commons-beanutils/commons-beanutils/1.9.4/commons-beanutils-1.9.4.jar:/Users/n.kal/.m2/repository/commons-digester/commons-digester/2.1/commons-digester-2.1.jar:/Users/n.kal/.m2/repository/commons-logging/commons-logging/1.2/commons-logging-1.2.jar:/Users/n.kal/.m2/repository/commons-collections/commons-collections/3.2.2/commons-collections-3.2.2.jar:/Users/n.kal/.m2/repository/org/apache/commons/commons-lang3/3.12.0/commons-lang3-3.12.0.jar:/Users/n.kal/.m2/repository/commons-io/commons-io/2.11.0/commons-io-2.11.0.jar:/Users/n.kal/.m2/repository/org/slf4j/slf4j-api/2.0.5/slf4j-api-2.0.5.jar:/Users/n.kal/.m2/repository/org/seleniumhq/selenium/selenium-java/4.7.0/selenium-java-4.7.0.jar:/Users/n.kal/.m2/repository/org/seleniumhq/selenium/selenium-chrome-driver/4.7.0/selenium-chrome-driver-4.7.0.jar:/Users/n.kal/.m2/repository/org/seleniumhq/selenium/selenium-chromium-driver/4.7.0/selenium-chromium-driver-4.7.0.jar:/Users/n.kal/.m2/repository/org/seleniumhq/selenium/selenium-devtools-v106/4.7.0/selenium-devtools-v106-4.7.0.jar:/Users/n.kal/.m2/repository/org/seleniumhq/selenium/selenium-devtools-v107/4.7.0/selenium-devtools-v107-4.7.0.jar:/Users/n.kal/.m2/repository/org/seleniumhq/selenium/selenium-devtools-v108/4.7.0/selenium-devtools-v108-4.7.0.jar:/Users/n.kal/.m2/repository/org/seleniumhq/selenium/selenium-devtools-v85/4.7.0/selenium-devtools-v85-4.7.0.jar:/Users/n.kal/.m2/repository/org/seleniumhq/selenium/selenium-edge-driver/4.7.0/selenium-edge-driver-4.7.0.jar:/Users/n.kal/.m2/repository/org/seleniumhq/selenium/selenium-firefox-driver/4.7.0/selenium-firefox-driver-4.7.0.jar:/Users/n.kal/.m2/repository/org/seleniumhq/selenium/selenium-ie-driver/4.7.0/selenium-ie-driver-4.7.0.jar:/Users/n.kal/.m2/repository/org/seleniumhq/selenium/selenium-safari-driver/4.7.0/selenium-safari-driver-4.7.0.jar:/Users/n.kal/.m2/repository/org/projectlombok/lombok/1.18.24/lombok-1.18.24.jar:/Users/n.kal/.m2/repository/io/cucumber/cucumber-java/7.7.0/cucumber-java-7.7.0.jar:/Users/n.kal/.m2/repository/io/cucumber/cucumber-core/7.7.0/cucumber-core-7.7.0.jar:/Users/n.kal/.m2/repository/io/cucumber/cucumber-gherkin/7.7.0/cucumber-gherkin-7.7.0.jar:/Users/n.kal/.m2/repository/io/cucumber/cucumber-gherkin-messages/7.7.0/cucumber-gherkin-messages-7.7.0.jar:/Users/n.kal/.m2/repository/io/cucumber/gherkin/24.0.0/gherkin-24.0.0.jar:/Users/n.kal/.m2/repository/io/cucumber/messages/19.1.2/messages-19.1.2.jar:/Users/n.kal/.m2/repository/io/cucumber/tag-expressions/4.1.0/tag-expressions-4.1.0.jar:/Users/n.kal/.m2/repository/io/cucumber/cucumber-expressions/16.0.0/cucumber-expressions-16.0.0.jar:/Users/n.kal/.m2/repository/io/cucumber/datatable/7.7.0/datatable-7.7.0.jar:/Users/n.kal/.m2/repository/io/cucumber/cucumber-plugin/7.7.0/cucumber-plugin-7.7.0.jar:/Users/n.kal/.m2/repository/io/cucumber/docstring/7.7.0/docstring-7.7.0.jar:/Users/n.kal/.m2/repository/io/cucumber/html-formatter/20.0.0/html-formatter-20.0.0.jar:/Users/n.kal/.m2/repository/io/cucumber/ci-environment/9.1.0/ci-environment-9.1.0.jar:/Users/n.kal/.m2/repository/org/apiguardian/apiguardian-api/1.1.2/apiguardian-api-1.1.2.jar:/Users/n.kal/.m2/repository/io/cucumber/cucumber-junit/7.7.0/cucumber-junit-7.7.0.jar:/Users/n.kal/.m2/repository/junit/junit/4.13.2/junit-4.13.2.jar:/Users/n.kal/.m2/repository/org/hamcrest/hamcrest-core/1.3/hamcrest-core-1.3.jar:"/>
    <property name="sun.cpu.endian" value="little"/>
    <property name="user.home" value="/Users/n.kal"/>
    <property name="user.language" value="en"/>
    <property name="java.specification.vendor" value="Oracle Corporation"/>
    <property name="java.home" value="/Users/n.kal/Library/Java/JavaVirtualMachines/corretto-1.8.0_352/Contents/Home/jre"/>
    <property name="basedir" value="/Users/n.kal/IdeaProjects/faladdin.task"/>
    <property name="file.separator" value="/"/>
    <property name="line.separator" value="&#10;"/>
    <property name="java.vm.specification.vendor" value="Oracle Corporation"/>
    <property name="java.specification.name" value="Java Platform API Specification"/>
    <property name="java.awt.graphicsenv" value="sun.awt.CGraphicsEnvironment"/>
    <property name="surefire.real.class.path" value="/Users/n.kal/IdeaProjects/faladdin.task/target/surefire/surefirebooter1514898172936496973.jar"/>
    <property name="sun.boot.class.path" value="/Users/n.kal/Library/Java/JavaVirtualMachines/corretto-1.8.0_352/Contents/Home/jre/lib/resources.jar:/Users/n.kal/Library/Java/JavaVirtualMachines/corretto-1.8.0_352/Contents/Home/jre/lib/rt.jar:/Users/n.kal/Library/Java/JavaVirtualMachines/corretto-1.8.0_352/Contents/Home/jre/lib/sunrsasign.jar:/Users/n.kal/Library/Java/JavaVirtualMachines/corretto-1.8.0_352/Contents/Home/jre/lib/jsse.jar:/Users/n.kal/Library/Java/JavaVirtualMachines/corretto-1.8.0_352/Contents/Home/jre/lib/jce.jar:/Users/n.kal/Library/Java/JavaVirtualMachines/corretto-1.8.0_352/Contents/Home/jre/lib/charsets.jar:/Users/n.kal/Library/Java/JavaVirtualMachines/corretto-1.8.0_352/Contents/Home/jre/lib/jfr.jar:/Users/n.kal/Library/Java/JavaVirtualMachines/corretto-1.8.0_352/Contents/Home/jre/classes"/>
    <property name="sun.management.compiler" value="HotSpot 64-Bit Tiered Compilers"/>
    <property name="ftp.nonProxyHosts" value="local|*.local|169.254/16|*.169.254/16"/>
    <property name="java.runtime.version" value="1.8.0_352-b08"/>
    <property name="user.name" value="n.kal"/>
    <property name="path.separator" value=":"/>
    <property name="os.version" value="13.0"/>
    <property name="java.endorsed.dirs" value="/Users/n.kal/Library/Java/JavaVirtualMachines/corretto-1.8.0_352/Contents/Home/jre/lib/endorsed"/>
    <property name="java.runtime.name" value="OpenJDK Runtime Environment"/>
    <property name="file.encoding" value="UTF-8"/>
    <property name="java.vm.name" value="OpenJDK 64-Bit Server VM"/>
    <property name="localRepository" value="/Users/n.kal/.m2/repository"/>
    <property name="java.vendor.url.bug" value="https://github.com/corretto/corretto-8/issues/"/>
    <property name="java.io.tmpdir" value="/var/folders/vf/438m7c6x2q352p5cs5x_92p00000gn/T/"/>
    <property name="idea.version" value="2022.2.3"/>
    <property name="java.version" value="1.8.0_352"/>
    <property name="user.dir" value="/Users/n.kal/IdeaProjects/faladdin.task"/>
    <property name="os.arch" value="aarch64"/>
    <property name="java.vm.specification.name" value="Java Virtual Machine Specification"/>
    <property name="java.awt.printerjob" value="sun.lwawt.macosx.CPrinterJob"/>
    <property name="sun.os.patch.level" value="unknown"/>
    <property name="java.library.path" value="/Users/n.kal/Library/Java/Extensions:/Library/Java/Extensions:/Network/Library/Java/Extensions:/System/Library/Java/Extensions:/usr/lib/java:."/>
    <property name="java.vm.info" value="mixed mode"/>
    <property name="java.vendor" value="Amazon.com Inc."/>
    <property name="java.vm.version" value="25.352-b08"/>
    <property name="java.specification.maintenance.version" value="4"/>
    <property name="java.ext.dirs" value="/Users/n.kal/Library/Java/Extensions:/Users/n.kal/Library/Java/JavaVirtualMachines/corretto-1.8.0_352/Contents/Home/jre/lib/ext:/Library/Java/Extensions:/Network/Library/Java/Extensions:/System/Library/Java/Extensions:/usr/lib/java"/>
    <property name="sun.io.unicode.encoding" value="UnicodeBig"/>
    <property name="java.class.version" value="52.0"/>
    <property name="socksNonProxyHosts" value="local|*.local|169.254/16|*.169.254/16"/>
  </properties>
  <testcase name="Gecerli kullanici bilgileriyle login olunmasi" classname="TC-001 Login Islemleri" time="39.025">
    <system-out><![CDATA[
@login
Scenario: Gecerli kullanici bilgileriyle login olunmasi                                   &amp#27;[90m# src/test/resources/features/Login.feature:4&amp#27;[0m
  &amp#27;[32mGiven &amp#27;[0m&amp#27;[32mKullanici giris sayfasini goruntuler&amp#27;[0m                                              &amp#27;[90m# steps.LoginSteps.kullaniciGirisSayfasiniGoruntuler()&amp#27;[0m
  &amp#27;[32mAnd &amp#27;[0m&amp#27;[32mDil olarak &amp#27;[0m&amp#27;[32m&amp#27;[1mEnglish&amp#27;[0m&amp#27;[32m secilir&amp#27;[0m                                                          &amp#27;[90m# steps.LoginSteps.dilOlarakSecilir(java.lang.String)&amp#27;[0m
  &amp#27;[32mAnd &amp#27;[0m&amp#27;[32mExplore butonuna tiklanir&amp#27;[0m                                                           &amp#27;[90m# steps.LoginSteps.exploreButonunaTiklanir()&amp#27;[0m
  &amp#27;[32mAnd &amp#27;[0m&amp#27;[32mAna sayfa goruntulenir&amp#27;[0m                                                              &amp#27;[90m# steps.LoginSteps.anaSayfaGoruntulenir()&amp#27;[0m
  &amp#27;[32mAnd &amp#27;[0m&amp#27;[32mHesabim butonuna tiklanir&amp#27;[0m                                                           &amp#27;[90m# steps.LoginSteps.hesabimButonunaTiklanir()&amp#27;[0m
  &amp#27;[32mAnd &amp#27;[0m&amp#27;[32mDaha once giris yapılmıssa giris secenekleri sekmesi asagi kaydirilir&amp#27;[0m               &amp#27;[90m# steps.LoginSteps.dahaOnceGirisYapılmıssaGirisSecenekleriSekmesiAsagiKaydirilir()&amp#27;[0m
  &amp#27;[32mAnd &amp#27;[0m&amp#27;[32mSayfa uzerindeki &amp#27;[0m&amp#27;[32m&amp#27;[1mCreate Your Account&amp#27;[0m&amp#27;[32m yazisi gorulur&amp#27;[0m                                 &amp#27;[90m# steps.LoginSteps.sayfaUzerindekiYazisiGorulur(java.lang.String)&amp#27;[0m
  &amp#27;[32mAnd &amp#27;[0m&amp#27;[32mContinue with Email butonuna tiklanir&amp#27;[0m                                               &amp#27;[90m# steps.LoginSteps.continueWithEmailButonunaTiklanir()&amp#27;[0m
  &amp#27;[32mAnd &amp#27;[0m&amp#27;[32mSayfa uzerindeki &amp#27;[0m&amp#27;[32m&amp#27;[1mEnter your email address&amp#27;[0m&amp#27;[32m yazisi gorulur&amp#27;[0m                            &amp#27;[90m# steps.LoginSteps.sayfaUzerindekiYazisiGorulur(java.lang.String)&amp#27;[0m
  &amp#27;[32mAnd &amp#27;[0m&amp#27;[32mEmail address kutusu &amp#27;[0m&amp#27;[32m&amp#27;[1meMail-Not-Valid&amp#27;[0m&amp#27;[32m ile doldurulur&amp#27;[0m                                 &amp#27;[90m# steps.LoginSteps.emailAddressKutusuIleDoldurulur(java.lang.String)&amp#27;[0m
  &amp#27;[32mAnd &amp#27;[0m&amp#27;[32mSend butonuna tiklanir&amp#27;[0m                                                              &amp#27;[90m# steps.LoginSteps.sendButonunaTiklanir()&amp#27;[0m
  &amp#27;[32mAnd &amp#27;[0m&amp#27;[32mSayfa uzerindeki &amp#27;[0m&amp#27;[32m&amp#27;[1mEmail address is not valid&amp#27;[0m&amp#27;[32m yazisi gorulur&amp#27;[0m                          &amp#27;[90m# steps.LoginSteps.sayfaUzerindekiYazisiGorulur(java.lang.String)&amp#27;[0m
  &amp#27;[32mAnd &amp#27;[0m&amp#27;[32mEmail address kutusu &amp#27;[0m&amp#27;[32m&amp#27;[1meMail-Not-Valid2&amp#27;[0m&amp#27;[32m ile doldurulur&amp#27;[0m                                &amp#27;[90m# steps.LoginSteps.emailAddressKutusuIleDoldurulur(java.lang.String)&amp#27;[0m
  &amp#27;[32mAnd &amp#27;[0m&amp#27;[32mSend butonuna tiklanir&amp#27;[0m                                                              &amp#27;[90m# steps.LoginSteps.sendButonunaTiklanir()&amp#27;[0m
  &amp#27;[32mAnd &amp#27;[0m&amp#27;[32mSayfa uzerindeki &amp#27;[0m&amp#27;[32m&amp#27;[1mInvalid parameter, please check error details&amp#27;[0m&amp#27;[32m yazisi gorulur&amp#27;[0m       &amp#27;[90m# steps.LoginSteps.sayfaUzerindekiYazisiGorulur(java.lang.String)&amp#27;[0m
  &amp#27;[32mAnd &amp#27;[0m&amp#27;[32mEmail address kutusu &amp#27;[0m&amp#27;[32m&amp#27;[1meMail-Valid&amp#27;[0m&amp#27;[32m ile doldurulur&amp#27;[0m                                     &amp#27;[90m# steps.LoginSteps.emailAddressKutusuIleDoldurulur(java.lang.String)&amp#27;[0m
  &amp#27;[32mAnd &amp#27;[0m&amp#27;[32mSend butonuna tiklanir&amp#27;[0m                                                              &amp#27;[90m# steps.LoginSteps.sendButonunaTiklanir()&amp#27;[0m
  &amp#27;[32mAnd &amp#27;[0m&amp#27;[32mSayfa uzerindeki &amp#27;[0m&amp#27;[32m&amp#27;[1mYour magic link has been sent to your email address&amp#27;[0m&amp#27;[32m yazisi gorulur&amp#27;[0m &amp#27;[90m# steps.LoginSteps.sayfaUzerindekiYazisiGorulur(java.lang.String)&amp#27;[0m
]]></system-out>
    <system-err><![CDATA[SLF4J: No SLF4J providers were found.
SLF4J: Defaulting to no-operation (NOP) logger implementation
SLF4J: See https://www.slf4j.org/codes.html#noProviders for further details.
Jan 02, 2023 10:23:22 PM common.Action isElementPresent
INFO: Checking is element present
Jan 02, 2023 10:23:22 PM common.Action confirm
INFO: Uygulama açıldı
Jan 02, 2023 10:23:24 PM common.Action isElementPresent
INFO: Checking is element present
Jan 02, 2023 10:23:25 PM common.Action click
INFO: Explore butonuna tıklandı
Jan 02, 2023 10:23:25 PM common.Action isElementPresent
INFO: Checking is element present
Jan 02, 2023 10:23:28 PM common.Action confirm
INFO: Ana sayfa görüntülendi
Jan 02, 2023 10:23:28 PM common.Action isElementPresent
INFO: Checking is element present
Jan 02, 2023 10:23:29 PM common.Action click
INFO: Hesabım butonuna tıklandı
Jan 02, 2023 10:23:33 PM common.Action isElementPresent
INFO: Checking is element present
Jan 02, 2023 10:23:34 PM common.Action click
INFO: Continue with Email butonuna tıklandı
Jan 02, 2023 10:23:37 PM common.Action isElementPresent
INFO: Checking is element present
Jan 02, 2023 10:23:37 PM common.Action click
INFO: Continue with Email butonuna tıklandı
Jan 02, 2023 10:23:37 PM common.Action isElementPresent
INFO: Checking is element present
Jan 02, 2023 10:23:39 PM common.Action enter
INFO: Email kutusuna email adresi girildi
Jan 02, 2023 10:23:40 PM common.Action isElementPresent
INFO: Checking is element present
Jan 02, 2023 10:23:40 PM common.Action click
INFO: Send butonuna tıklandı
Jan 02, 2023 10:23:43 PM common.Action isElementPresent
INFO: Checking is element present
Jan 02, 2023 10:23:43 PM common.Action click
INFO: Continue with Email butonuna tıklandı
Jan 02, 2023 10:23:43 PM common.Action isElementPresent
INFO: Checking is element present
Jan 02, 2023 10:23:46 PM common.Action enter
INFO: Email kutusuna email adresi girildi
Jan 02, 2023 10:23:47 PM common.Action isElementPresent
INFO: Checking is element present
Jan 02, 2023 10:23:47 PM common.Action click
INFO: Send butonuna tıklandı
Jan 02, 2023 10:23:49 PM common.Action isElementPresent
INFO: Checking is element present
Jan 02, 2023 10:23:49 PM common.Action click
INFO: Continue with Email butonuna tıklandı
Jan 02, 2023 10:23:49 PM common.Action isElementPresent
INFO: Checking is element present
Jan 02, 2023 10:23:51 PM common.Action enter
INFO: Email kutusuna email adresi girildi
Jan 02, 2023 10:23:52 PM common.Action isElementPresent
INFO: Checking is element present
Jan 02, 2023 10:23:52 PM common.Action click
INFO: Send butonuna tıklandı
]]></system-err>
  </testcase>
</testsuite>